0 info it worked if it ends with ok
1 verbose cli [ 'C:\\Program Files\\nodejs\\node.exe',
1 verbose cli   'C:\\Program Files\\nodejs\\node_modules\\npm\\bin\\npm-cli.js',
1 verbose cli   'run',
1 verbose cli   'lite' ]
2 info using npm@3.10.8
3 info using node@v6.9.1
4 verbose run-script [ 'prelite', 'lite', 'postlite' ]
5 info lifecycle binding-sample@1.0.0~prelite: binding-sample@1.0.0
6 silly lifecycle binding-sample@1.0.0~prelite: no script for prelite, continuing
7 info lifecycle binding-sample@1.0.0~lite: binding-sample@1.0.0
8 verbose lifecycle binding-sample@1.0.0~lite: unsafe-perm in lifecycle true
9 verbose lifecycle binding-sample@1.0.0~lite: PATH: C:\Program Files\nodejs\node_modules\npm\bin\node-gyp-bin;C:\LearningSite\Site\node_modules\.bin;C:\Program Files\nodejs\node_modules\npm\bin\node-gyp-bin;C:\LearningSite\Site\node_modules\.bin;C:\Program Files\Microsoft SQL Server\110\Tools\Binn;C:/hashicorp/terraform/0.6.8;C:/hashicorp/packer/0.8.6;c:\insight;c:\python34\Scripts;c:\python34;c:\python27;C:\Program Files\Java\jdk1.8.0_60\bin;C:\Program Files\Git\Cmd;C:\7-zip;C:\Program Files\Microsoft MPI\Bin\;C:\ProgramData\Oracle\Java\javapath;C:\windows\system32;C:\windows;C:\windows\System32\Wbem;C:\windows\System32\WindowsPowerShell\v1.0\;C:\Program Files\Microsoft SQL Server\130\Tools\Binn\;C:\Program Files (x86)\Skype\Phone\;C:\Program Files (x86)\Microsoft SQL Server\130\Tools\Binn\;C:\Program Files (x86)\Microsoft SQL Server\130\DTS\Binn\;C:\Program Files\Microsoft SQL Server\130\DTS\Binn\;C:\Program Files\Microsoft SQL Server\Client SDK\ODBC\130\Tools\Binn\;C:\Program Files (x86)\Microsoft SQL Server\Client SDK\ODBC\130\Tools\Binn\;C:\Program Files (x86)\Microsoft SQL Server\130\Tools\Binn\ManagementStudio\;C:\Program Files\Perforce;C:\Program Files\Perforce\DVCS\;C:\Program Files (x86)\Windows Kits\8.1\Windows Performance Toolkit\;C:\Program Files\Microsoft SQL Server\110\Tools\Binn\;C:\Program Files (x86)\Microsoft SDKs\TypeScript\1.0\;C:\Program Files\Microsoft SQL Server\120\Tools\Binn\;C:\Program Files\nodejs\;C:\Program Files\dotnet\;C:\Program Files\Microsoft DNX\Dnvm\;C:\Users\ikra\AppData\Roaming\npm;C:\Program Files (x86)\Microsoft VS Code\bin;C:\opscode\chef\bin;C:\opscode\chef\embedded\bin;C:\Program Files\Microsoft\Web Platform Installer\;C:\ProgramData\chocolatey\bin;C:\Program Files (x86)\Microsoft ASP.NET\ASP.NET Web Pages\v1.0\;C:\Program Files (x86)\Microsoft SQL Server\90\Tools\binn\;C:\Program Files (x86)\Symantec\VIP Access Client\;C:\Program Files\Microsoft\Web Platform Installer\;C:\Program Files (x86)\Symantec\VIP Access Client\;C:\Program Files (x86)\Git\cmd;C:\Program Files (x86)\GitExtensions\;C:\Users\ikra\AppData\Roaming\npm;C:\Program Files (x86)\Microsoft VS Code\bin
10 verbose lifecycle binding-sample@1.0.0~lite: CWD: C:\LearningSite\Site
11 silly lifecycle binding-sample@1.0.0~lite: Args: [ '/d /s /c', 'lite-server' ]
12 silly lifecycle binding-sample@1.0.0~lite: Returned: code: 3221225786  signal: null
13 info lifecycle binding-sample@1.0.0~lite: Failed to exec lite script
14 verbose stack Error: binding-sample@1.0.0 lite: `lite-server`
14 verbose stack Exit status 3221225786
14 verbose stack     at EventEmitter.<anonymous> (C:\Program Files\nodejs\node_modules\npm\lib\utils\lifecycle.js:255:16)
14 verbose stack     at emitTwo (events.js:106:13)
14 verbose stack     at EventEmitter.emit (events.js:191:7)
14 verbose stack     at ChildProcess.<anonymous> (C:\Program Files\nodejs\node_modules\npm\lib\utils\spawn.js:40:14)
14 verbose stack     at emitTwo (events.js:106:13)
14 verbose stack     at ChildProcess.emit (events.js:191:7)
14 verbose stack     at maybeClose (internal/child_process.js:877:16)
14 verbose stack     at Process.ChildProcess._handle.onexit (internal/child_process.js:226:5)
15 verbose pkgid binding-sample@1.0.0
16 verbose cwd C:\LearningSite\Site
17 error Windows_NT 10.0.10586
18 error argv "C:\\Program Files\\nodejs\\node.exe" "C:\\Program Files\\nodejs\\node_modules\\npm\\bin\\npm-cli.js" "run" "lite"
19 error node v6.9.1
20 error npm  v3.10.8
21 error code ELIFECYCLE
22 error binding-sample@1.0.0 lite: `lite-server`
22 error Exit status 3221225786
23 error Failed at the binding-sample@1.0.0 lite script 'lite-server'.
23 error Make sure you have the latest version of node.js and npm installed.
23 error If you do, this is most likely a problem with the binding-sample package,
23 error not with npm itself.
23 error Tell the author that this fails on your system:
23 error     lite-server
23 error You can get information on how to open an issue for this project with:
23 error     npm bugs binding-sample
23 error Or if that isn't available, you can get their info via:
23 error     npm owner ls binding-sample
23 error There is likely additional logging output above.
24 verbose exit [ 1, true ]
